2026-04-11 20:03:13,859 - INFO - Experiment: enhanced_attention_unet_20260411_200313
2026-04-11 20:03:13,859 - INFO - Device: cuda
2026-04-11 20:03:14,094 - INFO - Model: enhanced_attention_unet, Parameters: 33,008,885
2026-04-11 20:03:16,772 - INFO - Dataset: 2225 samples (Train: 1780, Val: 445)
2026-04-11 20:03:16,774 - INFO - Starting training for 40 epochs...
2026-04-11 20:03:16,774 - INFO - 
============================================================
2026-04-11 20:03:16,774 - INFO - Epoch 1/40
2026-04-11 20:03:16,774 - INFO - ============================================================
2026-04-11 20:05:35,393 - INFO - 
Train Loss: 0.8140
2026-04-11 20:05:35,393 - INFO - Train - Dice: 0.6675, IoU: 0.5121, F1: 0.6675, HD95: 52.303
2026-04-11 20:05:35,394 - INFO - Val Loss: 0.3724
2026-04-11 20:05:35,394 - INFO - Val - Dice: 0.7962, IoU: 0.6647, F1: 0.7962, HD95: 35.430
2026-04-11 20:05:36,321 - INFO - Saved best model with Dice: 0.7962
2026-04-11 20:05:36,322 - INFO - 
============================================================
2026-04-11 20:05:36,322 - INFO - Epoch 2/40
2026-04-11 20:05:36,322 - INFO - ============================================================
2026-04-11 20:07:06,771 - INFO - 
Train Loss: 0.5372
2026-04-11 20:07:06,772 - INFO - Train - Dice: 0.7763, IoU: 0.6379, F1: 0.7763, HD95: 34.046
2026-04-11 20:07:06,772 - INFO - Val Loss: 0.2425
2026-04-11 20:07:06,772 - INFO - Val - Dice: 0.7993, IoU: 0.6688, F1: 0.7993, HD95: 29.009
2026-04-11 20:07:07,669 - INFO - Saved best model with Dice: 0.7993
2026-04-11 20:07:07,669 - INFO - 
============================================================
2026-04-11 20:07:07,669 - INFO - Epoch 3/40
2026-04-11 20:07:07,669 - INFO - ============================================================
2026-04-11 20:08:36,696 - INFO - 
Train Loss: 0.4654
2026-04-11 20:08:36,696 - INFO - Train - Dice: 0.7940, IoU: 0.6618, F1: 0.7940, HD95: 29.883
2026-04-11 20:08:36,696 - INFO - Val Loss: 0.1957
2026-04-11 20:08:36,696 - INFO - Val - Dice: 0.8364, IoU: 0.7214, F1: 0.8364, HD95: 24.644
2026-04-11 20:08:37,583 - INFO - Saved best model with Dice: 0.8364
2026-04-11 20:08:37,584 - INFO - 
============================================================
2026-04-11 20:08:37,584 - INFO - Epoch 4/40
2026-04-11 20:08:37,584 - INFO - ============================================================
2026-04-11 20:10:04,963 - INFO - 
Train Loss: 0.4112
2026-04-11 20:10:04,964 - INFO - Train - Dice: 0.8153, IoU: 0.6914, F1: 0.8153, HD95: 26.479
2026-04-11 20:10:04,964 - INFO - Val Loss: 0.2053
2026-04-11 20:10:04,964 - INFO - Val - Dice: 0.8079, IoU: 0.6828, F1: 0.8079, HD95: 20.015
2026-04-11 20:10:05,411 - INFO - 
============================================================
2026-04-11 20:10:05,412 - INFO - Epoch 5/40
2026-04-11 20:10:05,412 - INFO - ============================================================
2026-04-11 20:11:34,313 - INFO - 
Train Loss: 0.3767
2026-04-11 20:11:34,314 - INFO - Train - Dice: 0.8287, IoU: 0.7106, F1: 0.8287, HD95: 23.191
2026-04-11 20:11:34,314 - INFO - Val Loss: 0.1592
2026-04-11 20:11:34,314 - INFO - Val - Dice: 0.8610, IoU: 0.7580, F1: 0.8610, HD95: 18.333
2026-04-11 20:11:35,197 - INFO - Saved best model with Dice: 0.8610
2026-04-11 20:11:35,197 - INFO - 
============================================================
2026-04-11 20:11:35,197 - INFO - Epoch 6/40
2026-04-11 20:11:35,197 - INFO - ============================================================
2026-04-11 20:13:03,933 - INFO - 
Train Loss: 0.3494
2026-04-11 20:13:03,933 - INFO - Train - Dice: 0.8429, IoU: 0.7312, F1: 0.8429, HD95: 20.930
2026-04-11 20:13:03,933 - INFO - Val Loss: 0.1470
2026-04-11 20:13:03,934 - INFO - Val - Dice: 0.8764, IoU: 0.7825, F1: 0.8764, HD95: 16.563
2026-04-11 20:13:04,784 - INFO - Saved best model with Dice: 0.8764
2026-04-11 20:13:04,785 - INFO - 
============================================================
2026-04-11 20:13:04,785 - INFO - Epoch 7/40
2026-04-11 20:13:04,785 - INFO - ============================================================
2026-04-11 20:14:31,002 - INFO - 
Train Loss: 0.3141
2026-04-11 20:14:31,002 - INFO - Train - Dice: 0.8589, IoU: 0.7548, F1: 0.8589, HD95: 19.139
2026-04-11 20:14:31,002 - INFO - Val Loss: 0.1448
2026-04-11 20:14:31,003 - INFO - Val - Dice: 0.8797, IoU: 0.7873, F1: 0.8797, HD95: 15.183
2026-04-11 20:14:31,860 - INFO - Saved best model with Dice: 0.8797
2026-04-11 20:14:31,860 - INFO - 
============================================================
2026-04-11 20:14:31,860 - INFO - Epoch 8/40
2026-04-11 20:14:31,860 - INFO - ============================================================
2026-04-11 20:15:57,769 - INFO - 
Train Loss: 0.3023
2026-04-11 20:15:57,769 - INFO - Train - Dice: 0.8649, IoU: 0.7655, F1: 0.8649, HD95: 17.800
2026-04-11 20:15:57,769 - INFO - Val Loss: 0.1364
2026-04-11 20:15:57,769 - INFO - Val - Dice: 0.8838, IoU: 0.7938, F1: 0.8838, HD95: 15.162
2026-04-11 20:15:58,632 - INFO - Saved best model with Dice: 0.8838
2026-04-11 20:15:58,632 - INFO - 
============================================================
2026-04-11 20:15:58,633 - INFO - Epoch 9/40
2026-04-11 20:15:58,633 - INFO - ============================================================
2026-04-11 20:17:27,969 - INFO - 
Train Loss: 0.3823
2026-04-11 20:17:27,970 - INFO - Train - Dice: 0.8281, IoU: 0.7105, F1: 0.8281, HD95: 22.547
2026-04-11 20:17:27,970 - INFO - Val Loss: 0.1496
2026-04-11 20:17:27,970 - INFO - Val - Dice: 0.8718, IoU: 0.7747, F1: 0.8718, HD95: 17.618
2026-04-11 20:17:28,398 - INFO - 
============================================================
2026-04-11 20:17:28,399 - INFO - Epoch 10/40
2026-04-11 20:17:28,399 - INFO - ============================================================
2026-04-11 20:18:55,842 - INFO - 
Train Loss: 0.3591
2026-04-11 20:18:55,842 - INFO - Train - Dice: 0.8383, IoU: 0.7254, F1: 0.8383, HD95: 21.824
2026-04-11 20:18:55,842 - INFO - Val Loss: 0.1615
2026-04-11 20:18:55,842 - INFO - Val - Dice: 0.8779, IoU: 0.7838, F1: 0.8779, HD95: 17.158
2026-04-11 20:18:56,285 - INFO - 
============================================================
2026-04-11 20:18:56,285 - INFO - Epoch 11/40
2026-04-11 20:18:56,285 - INFO - ============================================================
2026-04-11 20:20:27,711 - INFO - 
Train Loss: 0.3479
2026-04-11 20:20:27,711 - INFO - Train - Dice: 0.8415, IoU: 0.7295, F1: 0.8415, HD95: 19.838
2026-04-11 20:20:27,711 - INFO - Val Loss: 0.1537
2026-04-11 20:20:27,711 - INFO - Val - Dice: 0.8718, IoU: 0.7750, F1: 0.8718, HD95: 17.535
2026-04-11 20:20:28,133 - INFO - 
============================================================
2026-04-11 20:20:28,133 - INFO - Epoch 12/40
2026-04-11 20:20:28,133 - INFO - ============================================================
2026-04-11 20:21:53,372 - INFO - 
Train Loss: 0.3202
2026-04-11 20:21:53,372 - INFO - Train - Dice: 0.8556, IoU: 0.7503, F1: 0.8556, HD95: 19.421
2026-04-11 20:21:53,372 - INFO - Val Loss: 0.1373
2026-04-11 20:21:53,372 - INFO - Val - Dice: 0.8812, IoU: 0.7891, F1: 0.8812, HD95: 15.951
2026-04-11 20:21:53,826 - INFO - 
============================================================
2026-04-11 20:21:53,826 - INFO - Epoch 13/40
2026-04-11 20:21:53,826 - INFO - ============================================================
2026-04-11 20:23:20,041 - INFO - 
Train Loss: 0.3168
2026-04-11 20:23:20,041 - INFO - Train - Dice: 0.8539, IoU: 0.7470, F1: 0.8539, HD95: 18.671
2026-04-11 20:23:20,041 - INFO - Val Loss: 0.1370
2026-04-11 20:23:20,041 - INFO - Val - Dice: 0.8874, IoU: 0.7991, F1: 0.8874, HD95: 14.848
2026-04-11 20:23:20,894 - INFO - Saved best model with Dice: 0.8874
2026-04-11 20:23:20,895 - INFO - 
============================================================
2026-04-11 20:23:20,895 - INFO - Epoch 14/40
2026-04-11 20:23:20,895 - INFO - ============================================================
2026-04-11 20:24:46,823 - INFO - 
Train Loss: 0.2879
2026-04-11 20:24:46,823 - INFO - Train - Dice: 0.8698, IoU: 0.7714, F1: 0.8698, HD95: 17.024
2026-04-11 20:24:46,823 - INFO - Val Loss: 0.1332
2026-04-11 20:24:46,823 - INFO - Val - Dice: 0.8874, IoU: 0.7997, F1: 0.8874, HD95: 15.363
2026-04-11 20:24:47,685 - INFO - Saved best model with Dice: 0.8874
2026-04-11 20:24:47,686 - INFO - 
============================================================
2026-04-11 20:24:47,686 - INFO - Epoch 15/40
2026-04-11 20:24:47,686 - INFO - ============================================================
2026-04-11 20:26:14,825 - INFO - 
Train Loss: 0.2829
2026-04-11 20:26:14,825 - INFO - Train - Dice: 0.8719, IoU: 0.7749, F1: 0.8719, HD95: 16.200
2026-04-11 20:26:14,825 - INFO - Val Loss: 0.1234
2026-04-11 20:26:14,825 - INFO - Val - Dice: 0.8936, IoU: 0.8094, F1: 0.8936, HD95: 13.754
2026-04-11 20:26:15,685 - INFO - Saved best model with Dice: 0.8936
2026-04-11 20:26:15,685 - INFO - 
============================================================
2026-04-11 20:26:15,685 - INFO - Epoch 16/40
2026-04-11 20:26:15,686 - INFO - ============================================================
2026-04-11 20:27:42,730 - INFO - 
Train Loss: 0.2736
2026-04-11 20:27:42,731 - INFO - Train - Dice: 0.8762, IoU: 0.7815, F1: 0.8762, HD95: 15.529
2026-04-11 20:27:42,731 - INFO - Val Loss: 0.1213
2026-04-11 20:27:42,731 - INFO - Val - Dice: 0.8954, IoU: 0.8125, F1: 0.8954, HD95: 13.262
2026-04-11 20:27:43,622 - INFO - Saved best model with Dice: 0.8954
2026-04-11 20:27:43,623 - INFO - 
============================================================
2026-04-11 20:27:43,623 - INFO - Epoch 17/40
2026-04-11 20:27:43,623 - INFO - ============================================================
2026-04-11 20:29:16,492 - INFO - 
Train Loss: 0.3217
2026-04-11 20:29:16,492 - INFO - Train - Dice: 0.8532, IoU: 0.7460, F1: 0.8532, HD95: 19.079
2026-04-11 20:29:16,492 - INFO - Val Loss: 0.1493
2026-04-11 20:29:16,492 - INFO - Val - Dice: 0.8772, IoU: 0.7827, F1: 0.8772, HD95: 18.129
2026-04-11 20:29:16,916 - INFO - 
============================================================
2026-04-11 20:29:16,917 - INFO - Epoch 18/40
2026-04-11 20:29:16,917 - INFO - ============================================================
2026-04-11 20:30:49,507 - INFO - 
Train Loss: 0.3230
2026-04-11 20:30:49,507 - INFO - Train - Dice: 0.8539, IoU: 0.7479, F1: 0.8539, HD95: 18.563
2026-04-11 20:30:49,507 - INFO - Val Loss: 0.1474
2026-04-11 20:30:49,508 - INFO - Val - Dice: 0.8792, IoU: 0.7862, F1: 0.8792, HD95: 16.453
2026-04-11 20:30:49,959 - INFO - 
============================================================
2026-04-11 20:30:49,959 - INFO - Epoch 19/40
2026-04-11 20:30:49,959 - INFO - ============================================================
2026-04-11 20:32:19,532 - INFO - 
Train Loss: 0.3147
2026-04-11 20:32:19,532 - INFO - Train - Dice: 0.8558, IoU: 0.7505, F1: 0.8558, HD95: 18.776
2026-04-11 20:32:19,532 - INFO - Val Loss: 0.1352
2026-04-11 20:32:19,532 - INFO - Val - Dice: 0.8830, IoU: 0.7918, F1: 0.8830, HD95: 14.970
2026-04-11 20:32:19,992 - INFO - 
============================================================
2026-04-11 20:32:19,992 - INFO - Epoch 20/40
2026-04-11 20:32:19,992 - INFO - ============================================================
2026-04-11 20:33:50,458 - INFO - 
Train Loss: 0.2860
2026-04-11 20:33:50,458 - INFO - Train - Dice: 0.8702, IoU: 0.7724, F1: 0.8702, HD95: 17.548
2026-04-11 20:33:50,458 - INFO - Val Loss: 0.1344
2026-04-11 20:33:50,458 - INFO - Val - Dice: 0.8868, IoU: 0.7981, F1: 0.8868, HD95: 16.336
2026-04-11 20:33:50,911 - INFO - 
============================================================
2026-04-11 20:33:50,911 - INFO - Epoch 21/40
2026-04-11 20:33:50,912 - INFO - ============================================================
2026-04-11 20:35:25,472 - INFO - 
Train Loss: 0.2846
2026-04-11 20:35:25,472 - INFO - Train - Dice: 0.8708, IoU: 0.7729, F1: 0.8708, HD95: 16.743
2026-04-11 20:35:25,472 - INFO - Val Loss: 0.1291
2026-04-11 20:35:25,472 - INFO - Val - Dice: 0.8890, IoU: 0.8015, F1: 0.8890, HD95: 13.828
2026-04-11 20:35:25,905 - INFO - 
============================================================
2026-04-11 20:35:25,906 - INFO - Epoch 22/40
2026-04-11 20:35:25,906 - INFO - ============================================================
2026-04-11 20:36:58,991 - INFO - 
Train Loss: 0.2667
2026-04-11 20:36:58,991 - INFO - Train - Dice: 0.8791, IoU: 0.7855, F1: 0.8791, HD95: 14.904
2026-04-11 20:36:58,992 - INFO - Val Loss: 0.1264
2026-04-11 20:36:58,992 - INFO - Val - Dice: 0.8930, IoU: 0.8086, F1: 0.8930, HD95: 13.576
2026-04-11 20:36:59,443 - INFO - 
============================================================
2026-04-11 20:36:59,443 - INFO - Epoch 23/40
2026-04-11 20:36:59,444 - INFO - ============================================================
2026-04-11 20:38:31,214 - INFO - 
Train Loss: 0.2610
2026-04-11 20:38:31,214 - INFO - Train - Dice: 0.8810, IoU: 0.7892, F1: 0.8810, HD95: 14.675
2026-04-11 20:38:31,214 - INFO - Val Loss: 0.1184
2026-04-11 20:38:31,214 - INFO - Val - Dice: 0.8977, IoU: 0.8159, F1: 0.8977, HD95: 13.337
2026-04-11 20:38:32,130 - INFO - Saved best model with Dice: 0.8977
2026-04-11 20:38:32,130 - INFO - 
============================================================
2026-04-11 20:38:32,131 - INFO - Epoch 24/40
2026-04-11 20:38:32,131 - INFO - ============================================================
2026-04-11 20:40:02,697 - INFO - 
Train Loss: 0.2620
2026-04-11 20:40:02,697 - INFO - Train - Dice: 0.8802, IoU: 0.7881, F1: 0.8802, HD95: 14.635
2026-04-11 20:40:02,697 - INFO - Val Loss: 0.1165
2026-04-11 20:40:02,697 - INFO - Val - Dice: 0.8991, IoU: 0.8182, F1: 0.8991, HD95: 12.948
2026-04-11 20:40:03,591 - INFO - Saved best model with Dice: 0.8991
2026-04-11 20:40:03,592 - INFO - 
============================================================
2026-04-11 20:40:03,592 - INFO - Epoch 25/40
2026-04-11 20:40:03,592 - INFO - ============================================================
2026-04-11 20:41:37,386 - INFO - 
Train Loss: 0.2831
2026-04-11 20:41:37,386 - INFO - Train - Dice: 0.8708, IoU: 0.7734, F1: 0.8708, HD95: 16.937
2026-04-11 20:41:37,386 - INFO - Val Loss: 0.1373
2026-04-11 20:41:37,386 - INFO - Val - Dice: 0.8825, IoU: 0.7912, F1: 0.8825, HD95: 17.592
2026-04-11 20:41:37,818 - INFO - 
============================================================
2026-04-11 20:41:37,818 - INFO - Epoch 26/40
2026-04-11 20:41:37,818 - INFO - ============================================================
2026-04-11 20:43:08,790 - INFO - 
Train Loss: 0.2968
2026-04-11 20:43:08,790 - INFO - Train - Dice: 0.8660, IoU: 0.7661, F1: 0.8660, HD95: 17.652
2026-04-11 20:43:08,790 - INFO - Val Loss: 0.1422
2026-04-11 20:43:08,790 - INFO - Val - Dice: 0.8753, IoU: 0.7803, F1: 0.8753, HD95: 15.672
2026-04-11 20:43:09,248 - INFO - 
============================================================
2026-04-11 20:43:09,248 - INFO - Epoch 27/40
2026-04-11 20:43:09,248 - INFO - ============================================================
2026-04-11 20:44:39,013 - INFO - 
Train Loss: 0.2811
2026-04-11 20:44:39,013 - INFO - Train - Dice: 0.8720, IoU: 0.7746, F1: 0.8720, HD95: 15.934
2026-04-11 20:44:39,013 - INFO - Val Loss: 0.1303
2026-04-11 20:44:39,013 - INFO - Val - Dice: 0.8899, IoU: 0.8031, F1: 0.8899, HD95: 13.630
2026-04-11 20:44:39,446 - INFO - 
============================================================
2026-04-11 20:44:39,446 - INFO - Epoch 28/40
2026-04-11 20:44:39,446 - INFO - ============================================================
2026-04-11 20:46:09,856 - INFO - 
Train Loss: 0.3021
2026-04-11 20:46:09,856 - INFO - Train - Dice: 0.8607, IoU: 0.7587, F1: 0.8607, HD95: 17.630
2026-04-11 20:46:09,856 - INFO - Val Loss: 0.1273
2026-04-11 20:46:09,856 - INFO - Val - Dice: 0.8909, IoU: 0.8049, F1: 0.8909, HD95: 14.941
2026-04-11 20:46:10,317 - INFO - 
============================================================
2026-04-11 20:46:10,317 - INFO - Epoch 29/40
2026-04-11 20:46:10,317 - INFO - ============================================================
2026-04-11 20:47:40,092 - INFO - 
Train Loss: 0.2636
2026-04-11 20:47:40,093 - INFO - Train - Dice: 0.8808, IoU: 0.7884, F1: 0.8808, HD95: 15.703
2026-04-11 20:47:40,093 - INFO - Val Loss: 0.1270
2026-04-11 20:47:40,093 - INFO - Val - Dice: 0.8945, IoU: 0.8107, F1: 0.8945, HD95: 13.981
2026-04-11 20:47:40,521 - INFO - 
============================================================
2026-04-11 20:47:40,521 - INFO - Epoch 30/40
2026-04-11 20:47:40,521 - INFO - ============================================================
2026-04-11 20:49:11,818 - INFO - 
Train Loss: 0.2590
2026-04-11 20:49:11,818 - INFO - Train - Dice: 0.8812, IoU: 0.7890, F1: 0.8812, HD95: 14.569
2026-04-11 20:49:11,819 - INFO - Val Loss: 0.1185
2026-04-11 20:49:11,819 - INFO - Val - Dice: 0.8979, IoU: 0.8164, F1: 0.8979, HD95: 12.916
2026-04-11 20:49:12,272 - INFO - 
============================================================
2026-04-11 20:49:12,272 - INFO - Epoch 31/40
2026-04-11 20:49:12,273 - INFO - ============================================================
2026-04-11 20:50:40,800 - INFO - 
Train Loss: 0.2508
2026-04-11 20:50:40,800 - INFO - Train - Dice: 0.8854, IoU: 0.7963, F1: 0.8854, HD95: 14.314
2026-04-11 20:50:40,800 - INFO - Val Loss: 0.1154
2026-04-11 20:50:40,800 - INFO - Val - Dice: 0.8988, IoU: 0.8177, F1: 0.8988, HD95: 12.991
2026-04-11 20:50:41,229 - INFO - 
============================================================
2026-04-11 20:50:41,230 - INFO - Epoch 32/40
2026-04-11 20:50:41,230 - INFO - ============================================================
2026-04-11 20:52:12,698 - INFO - 
Train Loss: 0.2417
2026-04-11 20:52:12,698 - INFO - Train - Dice: 0.8891, IoU: 0.8023, F1: 0.8891, HD95: 13.992
2026-04-11 20:52:12,698 - INFO - Val Loss: 0.1138
2026-04-11 20:52:12,699 - INFO - Val - Dice: 0.9008, IoU: 0.8208, F1: 0.9008, HD95: 12.736
2026-04-11 20:52:13,566 - INFO - Saved best model with Dice: 0.9008
2026-04-11 20:52:13,567 - INFO - 
============================================================
2026-04-11 20:52:13,567 - INFO - Epoch 33/40
2026-04-11 20:52:13,567 - INFO - ============================================================
2026-04-11 20:53:42,931 - INFO - 
Train Loss: 0.2672
2026-04-11 20:53:42,931 - INFO - Train - Dice: 0.8792, IoU: 0.7858, F1: 0.8792, HD95: 15.425
2026-04-11 20:53:42,932 - INFO - Val Loss: 0.1284
2026-04-11 20:53:42,932 - INFO - Val - Dice: 0.8908, IoU: 0.8044, F1: 0.8908, HD95: 15.261
2026-04-11 20:53:43,390 - INFO - 
============================================================
2026-04-11 20:53:43,390 - INFO - Epoch 34/40
2026-04-11 20:53:43,391 - INFO - ============================================================
2026-04-11 20:55:14,242 - INFO - 
Train Loss: 0.2738
2026-04-11 20:55:14,242 - INFO - Train - Dice: 0.8757, IoU: 0.7807, F1: 0.8757, HD95: 15.949
2026-04-11 20:55:14,242 - INFO - Val Loss: 0.1273
2026-04-11 20:55:14,242 - INFO - Val - Dice: 0.8917, IoU: 0.8061, F1: 0.8917, HD95: 13.722
2026-04-11 20:55:14,673 - INFO - 
============================================================
2026-04-11 20:55:14,674 - INFO - Epoch 35/40
2026-04-11 20:55:14,674 - INFO - ============================================================
2026-04-11 20:56:44,220 - INFO - 
Train Loss: 0.2645
2026-04-11 20:56:44,220 - INFO - Train - Dice: 0.8804, IoU: 0.7886, F1: 0.8804, HD95: 14.866
2026-04-11 20:56:44,221 - INFO - Val Loss: 0.1203
2026-04-11 20:56:44,221 - INFO - Val - Dice: 0.8943, IoU: 0.8100, F1: 0.8943, HD95: 13.455
2026-04-11 20:56:44,683 - INFO - 
============================================================
2026-04-11 20:56:44,683 - INFO - Epoch 36/40
2026-04-11 20:56:44,683 - INFO - ============================================================
2026-04-11 20:58:16,894 - INFO - 
Train Loss: 0.2646
2026-04-11 20:58:16,894 - INFO - Train - Dice: 0.8798, IoU: 0.7870, F1: 0.8798, HD95: 15.972
2026-04-11 20:58:16,894 - INFO - Val Loss: 0.1187
2026-04-11 20:58:16,895 - INFO - Val - Dice: 0.8982, IoU: 0.8167, F1: 0.8982, HD95: 13.595
2026-04-11 20:58:17,334 - INFO - 
============================================================
2026-04-11 20:58:17,334 - INFO - Epoch 37/40
2026-04-11 20:58:17,335 - INFO - ============================================================
2026-04-11 20:59:49,276 - INFO - 
Train Loss: 0.2517
2026-04-11 20:59:49,276 - INFO - Train - Dice: 0.8841, IoU: 0.7940, F1: 0.8841, HD95: 14.339
2026-04-11 20:59:49,277 - INFO - Val Loss: 0.1103
2026-04-11 20:59:49,277 - INFO - Val - Dice: 0.9043, IoU: 0.8263, F1: 0.9043, HD95: 12.171
2026-04-11 20:59:50,166 - INFO - Saved best model with Dice: 0.9043
2026-04-11 20:59:50,166 - INFO - 
============================================================
2026-04-11 20:59:50,166 - INFO - Epoch 38/40
2026-04-11 20:59:50,166 - INFO - ============================================================
2026-04-11 21:01:20,450 - INFO - 
Train Loss: 0.2467
2026-04-11 21:01:20,450 - INFO - Train - Dice: 0.8875, IoU: 0.8001, F1: 0.8875, HD95: 14.236
2026-04-11 21:01:20,450 - INFO - Val Loss: 0.1125
2026-04-11 21:01:20,450 - INFO - Val - Dice: 0.9040, IoU: 0.8259, F1: 0.9040, HD95: 12.981
2026-04-11 21:01:20,900 - INFO - 
============================================================
2026-04-11 21:01:20,900 - INFO - Epoch 39/40
2026-04-11 21:01:20,900 - INFO - ============================================================
2026-04-11 21:02:51,290 - INFO - 
Train Loss: 0.2312
2026-04-11 21:02:51,290 - INFO - Train - Dice: 0.8950, IoU: 0.8112, F1: 0.8950, HD95: 13.305
2026-04-11 21:02:51,290 - INFO - Val Loss: 0.1088
2026-04-11 21:02:51,291 - INFO - Val - Dice: 0.9054, IoU: 0.8282, F1: 0.9054, HD95: 12.146
2026-04-11 21:02:52,168 - INFO - Saved best model with Dice: 0.9054
2026-04-11 21:02:52,169 - INFO - 
============================================================
2026-04-11 21:02:52,169 - INFO - Epoch 40/40
2026-04-11 21:02:52,169 - INFO - ============================================================
2026-04-11 21:04:21,452 - INFO - 
Train Loss: 0.2298
2026-04-11 21:04:21,452 - INFO - Train - Dice: 0.8952, IoU: 0.8118, F1: 0.8952, HD95: 13.230
2026-04-11 21:04:21,452 - INFO - Val Loss: 0.1060
2026-04-11 21:04:21,452 - INFO - Val - Dice: 0.9075, IoU: 0.8318, F1: 0.9075, HD95: 12.150
2026-04-11 21:04:22,335 - INFO - Saved best model with Dice: 0.9075
2026-04-11 21:04:22,336 - INFO - 
Training completed! Best Dice: 0.9075
2026-04-11 21:04:22,339 - INFO - Training history saved to logs\enhanced_attention_unet\20260411_200313\enhanced_attention_unet_20260411_200313_history.json
2026-04-11 21:04:22,341 - INFO - Training history csv saved to logs\enhanced_attention_unet\20260411_200313\enhanced_attention_unet_20260411_200313_history.csv
2026-04-11 21:04:23,068 - INFO - Training curves saved to logs\enhanced_attention_unet\20260411_200313\enhanced_attention_unet_20260411_200313_curves.png
